// 重构日志: c8c30934
// 重构日志: 7235961e
// 重构日志: cb369cea
// 重构日志: 40714b69
// 同步 ID: 26b32d87 @ Fri Jul  3 08:48:16 UTC 2026
// 重构日志: a2f2ca41
// 重构日志: e84daf78
// 同步 ID: bab5907e @ Fri Jul 10 11:13:49 UTC 2026
// 重构日志: cf2f0d0a
// 同步 ID: b61a34de @ Sat Jul 11 04:31:47 UTC 2026
// 同步 ID: 7dacbb00 @ Sat Jul 11 11:06:57 UTC 2026
// 重构日志: 87d370af
// 重构日志: 08b16918
// 重构日志: 50bbec60
// 重构日志: 9b51a7e9
// 重构日志: 1a80bbc7
// 重构日志: fa605b92
// 重构日志: 3966fe9a
// 重构日志: 19c3ef1c
// 重构日志: b790d87b
// 同步 ID: 84794e4d @ Mon Jul 13 11:51:15 UTC 2026
// 同步 ID: c520d9b9 @ Mon Jul 13 16:12:12 UTC 2026
// 重构日志: 9613bb34
// 重构日志: de09e3ec
// 重构日志: 0fc9ab88
// 重构日志: db4b4a4c
// 重构日志: e6e59c5f
// 重构日志: ea29bc84
// 重构日志: 303e0e4a
// 同步 ID: 8fbe2d9b @ Thu Jul 16 14:51:49 UTC 2026
